<?xml version="1.0" encoding="UTF-8"?>
<testsuite xmlns:xsi="http://www.w3.org/2001/XMLSchema-instance" xsi:noNamespaceSchemaLocation="https://maven.apache.org/surefire/maven-surefire-plugin/xsd/surefire-test-report.xsd" version="3.0.2" name="com.example.SmartSpendExpense.controller.ChartControllerTest" time="1.862" tests="1" errors="0" skipped="0" failures="0">
  <properties>
[...]
</properties>
  <testcase name="testIndexLoadsHome" classname="com.example.SmartSpendExpense.controller.ChartControllerTest" time="0.421">
    <system-out><![CDATA[2025-11-06T23:19:26.987+05:30  INFO 9084 --- [SmartSpendExpense] [           main] t.c.s.AnnotationConfigContextLoaderUtils : Could not detect default configuration classes for test class [com.example.SmartSpendExpense.controller.ChartControllerTest]: ChartControllerTest does not declare any static, non-private, non-final, nested classes annotated with @Configuration.
2025-11-06T23:19:27.020+05:30  INFO 9084 --- [SmartSpendExpense] [           main] .b.t.c.SpringBootTestContextBootstrapper : Found @SpringBootConfiguration com.example.SmartSpendExpense.SmartSpendExpenseApplication for test class com.example.SmartSpendExpense.controller.ChartControllerTest
2025-11-06T23:19:27.035+05:30  INFO 9084 --- [SmartSpendExpense] [           main] o.s.b.d.r.RestartApplicationListener     : Restart disabled due to context in which it is running

  .   ____          _            __ _ _
 /\\ / ___'_ __ _ _(_)_ __  __ _ \ \ \ \
( ( )\___ | '_ | '_| | '_ \/ _` | \ \ \ \
 \\/  ___)| |_)| | | | | || (_| |  ) ) ) )
  '  |____| .__|_| |_|_| |_\__, | / / / /
 =========|_|==============|___/=/_/_/_/

 :: Spring Boot ::                (v3.5.3)

2025-11-06T23:19:27.084+05:30  INFO 9084 --- [SmartSpendExpense] [           main] c.e.S.controller.ChartControllerTest     : Starting ChartControllerTest using Java 24.0.2 with PID 9084 (started by mrwis in C:\Users\mrwis\Downloads\Project-2\SmartSpendExpense)
2025-11-06T23:19:27.084+05:30  INFO 9084 --- [SmartSpendExpense] [           main] c.e.S.controller.ChartControllerTest     : No active profile set, falling back to 1 default profile: "default"
2025-11-06T23:19:28.314+05:30  WARN 9084 --- [SmartSpendExpense] [           main] .s.s.UserDetailsServiceAutoConfiguration : 

Using generated security password: 061017fc-178a-4680-9a14-918517337220

This generated password is for development use only. Your security configuration must be updated before running your application in production.

2025-11-06T23:19:28.391+05:30  INFO 9084 --- [SmartSpendExpense] [           main] o.s.b.t.m.w.SpringBootMockServletContext : Initializing Spring TestDispatcherServlet ''
2025-11-06T23:19:28.392+05:30  INFO 9084 --- [SmartSpendExpense] [           main] o.s.t.web.servlet.TestDispatcherServlet  : Initializing Servlet ''
2025-11-06T23:19:28.393+05:30  INFO 9084 --- [SmartSpendExpense] [           main] o.s.t.web.servlet.TestDispatcherServlet  : Completed initialization in 1 ms
2025-11-06T23:19:28.413+05:30  INFO 9084 --- [SmartSpendExpense] [           main] c.e.S.controller.ChartControllerTest     : Started ChartControllerTest in 1.38 seconds (process running for 19.469)
]]></system-out>
  </testcase>
</testsuite>